{"C:\\Users\\emirh\\Hacktiv8\\Phase 2 - repeat\\week 3\\IP\\hck91-IP\\server\\app.js": {"path":"C:\\Users\\emirh\\Hacktiv8\\Phase 2 - repeat\\week 3\\IP\\hck91-IP\\server\\app.js","statementMap":{"0":{"start":{"line":1,"column":0},"end":{"line":3,"column":1}},"1":{"start":{"line":2,"column":2},"end":{"line":2,"column":29}},"2":{"start":{"line":5,"column":16},"end":{"line":5,"column":34}},"3":{"start":{"line":6,"column":12},"end":{"line":6,"column":21}},"4":{"start":{"line":7,"column":13},"end":{"line":7,"column":28}},"5":{"start":{"line":9,"column":0},"end":{"line":9,"column":16}},"6":{"start":{"line":11,"column":13},"end":{"line":11,"column":37}},"7":{"start":{"line":13,"column":23},"end":{"line":13,"column":60}},"8":{"start":{"line":14,"column":21},"end":{"line":14,"column":58}},"9":{"start":{"line":15,"column":18},"end":{"line":15,"column":52}},"10":{"start":{"line":17,"column":0},"end":{"line":17,"column":49}},"11":{"start":{"line":18,"column":0},"end":{"line":18,"column":24}},"12":{"start":{"line":20,"column":0},"end":{"line":22,"column":3}},"13":{"start":{"line":21,"column":2},"end":{"line":21,"column":37}},"14":{"start":{"line":25,"column":21},"end":{"line":25,"column":58}},"15":{"start":{"line":26,"column":23},"end":{"line":26,"column":62}},"16":{"start":{"line":29,"column":0},"end":{"line":35,"column":3}},"17":{"start":{"line":30,"column":2},"end":{"line":34,"column":5}},"18":{"start":{"line":37,"column":0},"end":{"line":37,"column":47}},"19":{"start":{"line":38,"column":0},"end":{"line":38,"column":45}},"20":{"start":{"line":39,"column":0},"end":{"line":39,"column":53}},"21":{"start":{"line":42,"column":0},"end":{"line":42,"column":24}},"22":{"start":{"line":45,"column":15},"end":{"line":45,"column":56}},"23":{"start":{"line":47,"column":0},"end":{"line":47,"column":70}},"24":{"start":{"line":48,"column":0},"end":{"line":48,"column":41}},"25":{"start":{"line":49,"column":0},"end":{"line":49,"column":44}},"26":{"start":{"line":50,"column":0},"end":{"line":50,"column":54}},"27":{"start":{"line":51,"column":0},"end":{"line":51,"column":57}},"28":{"start":{"line":54,"column":0},"end":{"line":54,"column":22}},"29":{"start":{"line":56,"column":0},"end":{"line":60,"column":1}},"30":{"start":{"line":57,"column":2},"end":{"line":59,"column":5}},"31":{"start":{"line":58,"column":4},"end":{"line":58,"column":61}},"32":{"start":{"line":62,"column":0},"end":{"line":62,"column":21}}},"fnMap":{"0":{"name":"(anonymous_0)","decl":{"start":{"line":20,"column":13},"end":{"line":20,"column":14}},"loc":{"start":{"line":20,"column":27},"end":{"line":22,"column":1}},"line":20},"1":{"name":"(anonymous_1)","decl":{"start":{"line":29,"column":19},"end":{"line":29,"column":20}},"loc":{"start":{"line":29,"column":33},"end":{"line":35,"column":1}},"line":29},"2":{"name":"(anonymous_2)","decl":{"start":{"line":57,"column":19},"end":{"line":57,"column":20}},"loc":{"start":{"line":57,"column":25},"end":{"line":59,"column":3}},"line":57}},"branchMap":{"0":{"loc":{"start":{"line":1,"column":0},"end":{"line":3,"column":1}},"type":"if","locations":[{"start":{"line":1,"column":0},"end":{"line":3,"column":1}},{"start":{},"end":{}}],"line":1},"1":{"loc":{"start":{"line":11,"column":13},"end":{"line":11,"column":37}},"type":"binary-expr","locations":[{"start":{"line":11,"column":13},"end":{"line":11,"column":29}},{"start":{"line":11,"column":33},"end":{"line":11,"column":37}}],"line":11},"2":{"loc":{"start":{"line":56,"column":0},"end":{"line":60,"column":1}},"type":"if","locations":[{"start":{"line":56,"column":0},"end":{"line":60,"column":1}},{"start":{},"end":{}}],"line":56}},"s":{"0":3,"1":3,"2":3,"3":3,"4":3,"5":3,"6":3,"7":3,"8":3,"9":3,"10":3,"11":3,"12":3,"13":0,"14":3,"15":3,"16":3,"17":0,"18":3,"19":3,"20":3,"21":3,"22":3,"23":3,"24":3,"25":3,"26":3,"27":3,"28":3,"29":3,"30":0,"31":0,"32":3},"f":{"0":0,"1":0,"2":0},"b":{"0":[3,0],"1":[3,3],"2":[0,3]},"_coverageSchema":"1a1c01bbd47fc00a2c39e90264f33305004495a9","hash":"27def7d274687bd71395cbe5784d7a3796d424e0"}
,"C:\\Users\\emirh\\Hacktiv8\\Phase 2 - repeat\\week 3\\IP\\hck91-IP\\server\\controllers\\CvController.js": {"path":"C:\\Users\\emirh\\Hacktiv8\\Phase 2 - repeat\\week 3\\IP\\hck91-IP\\server\\controllers\\CvController.js","statementMap":{"0":{"start":{"line":1,"column":15},"end":{"line":1,"column":35}},"1":{"start":{"line":2,"column":31},"end":{"line":2,"column":70}},"2":{"start":{"line":3,"column":31},"end":{"line":3,"column":66}},"3":{"start":{"line":4,"column":32},"end":{"line":4,"column":67}},"4":{"start":{"line":6,"column":0},"end":{"line":123,"column":2}},"5":{"start":{"line":8,"column":4},"end":{"line":44,"column":5}},"6":{"start":{"line":9,"column":6},"end":{"line":9,"column":46}},"7":{"start":{"line":10,"column":6},"end":{"line":12,"column":7}},"8":{"start":{"line":11,"column":8},"end":{"line":11,"column":66}},"9":{"start":{"line":14,"column":21},"end":{"line":14,"column":32}},"10":{"start":{"line":16,"column":6},"end":{"line":16,"column":53}},"11":{"start":{"line":19,"column":29},"end":{"line":19,"column":63}},"12":{"start":{"line":21,"column":6},"end":{"line":21,"column":49}},"13":{"start":{"line":24,"column":22},"end":{"line":24,"column":57}},"14":{"start":{"line":26,"column":6},"end":{"line":26,"column":46}},"15":{"start":{"line":29,"column":26},"end":{"line":29,"column":59}},"16":{"start":{"line":32,"column":23},"end":{"line":36,"column":8}},"17":{"start":{"line":38,"column":6},"end":{"line":38,"column":51}},"18":{"start":{"line":40,"column":6},"end":{"line":40,"column":37}},"19":{"start":{"line":42,"column":6},"end":{"line":42,"column":50}},"20":{"start":{"line":43,"column":6},"end":{"line":43,"column":18}},"21":{"start":{"line":48,"column":4},"end":{"line":60,"column":5}},"22":{"start":{"line":49,"column":21},"end":{"line":49,"column":32}},"23":{"start":{"line":51,"column":18},"end":{"line":54,"column":8}},"24":{"start":{"line":56,"column":6},"end":{"line":56,"column":32}},"25":{"start":{"line":58,"column":6},"end":{"line":58,"column":52}},"26":{"start":{"line":59,"column":6},"end":{"line":59,"column":18}},"27":{"start":{"line":64,"column":4},"end":{"line":77,"column":5}},"28":{"start":{"line":65,"column":21},"end":{"line":65,"column":31}},"29":{"start":{"line":67,"column":17},"end":{"line":67,"column":38}},"30":{"start":{"line":69,"column":6},"end":{"line":71,"column":7}},"31":{"start":{"line":70,"column":8},"end":{"line":70,"column":60}},"32":{"start":{"line":73,"column":6},"end":{"line":73,"column":31}},"33":{"start":{"line":75,"column":6},"end":{"line":75,"column":51}},"34":{"start":{"line":76,"column":6},"end":{"line":76,"column":18}},"35":{"start":{"line":81,"column":4},"end":{"line":102,"column":5}},"36":{"start":{"line":82,"column":21},"end":{"line":82,"column":31}},"37":{"start":{"line":83,"column":31},"end":{"line":83,"column":39}},"38":{"start":{"line":85,"column":6},"end":{"line":87,"column":7}},"39":{"start":{"line":86,"column":8},"end":{"line":86,"column":72}},"40":{"start":{"line":89,"column":17},"end":{"line":89,"column":38}},"41":{"start":{"line":91,"column":6},"end":{"line":93,"column":7}},"42":{"start":{"line":92,"column":8},"end":{"line":92,"column":60}},"43":{"start":{"line":96,"column":6},"end":{"line":96,"column":40}},"44":{"start":{"line":98,"column":6},"end":{"line":98,"column":31}},"45":{"start":{"line":100,"column":6},"end":{"line":100,"column":50}},"46":{"start":{"line":101,"column":6},"end":{"line":101,"column":18}},"47":{"start":{"line":106,"column":4},"end":{"line":121,"column":5}},"48":{"start":{"line":107,"column":21},"end":{"line":107,"column":31}},"49":{"start":{"line":109,"column":17},"end":{"line":109,"column":38}},"50":{"start":{"line":111,"column":6},"end":{"line":113,"column":7}},"51":{"start":{"line":112,"column":8},"end":{"line":112,"column":60}},"52":{"start":{"line":115,"column":6},"end":{"line":115,"column":25}},"53":{"start":{"line":117,"column":6},"end":{"line":117,"column":67}},"54":{"start":{"line":119,"column":6},"end":{"line":119,"column":50}},"55":{"start":{"line":120,"column":6},"end":{"line":120,"column":18}}},"fnMap":{"0":{"name":"(anonymous_0)","decl":{"start":{"line":7,"column":2},"end":{"line":7,"column":3}},"loc":{"start":{"line":7,"column":40},"end":{"line":45,"column":3}},"line":7},"1":{"name":"(anonymous_1)","decl":{"start":{"line":47,"column":2},"end":{"line":47,"column":3}},"loc":{"start":{"line":47,"column":42},"end":{"line":61,"column":3}},"line":47},"2":{"name":"(anonymous_2)","decl":{"start":{"line":63,"column":2},"end":{"line":63,"column":3}},"loc":{"start":{"line":63,"column":41},"end":{"line":78,"column":3}},"line":63},"3":{"name":"(anonymous_3)","decl":{"start":{"line":80,"column":2},"end":{"line":80,"column":3}},"loc":{"start":{"line":80,"column":40},"end":{"line":103,"column":3}},"line":80},"4":{"name":"(anonymous_4)","decl":{"start":{"line":105,"column":2},"end":{"line":105,"column":3}},"loc":{"start":{"line":105,"column":40},"end":{"line":122,"column":3}},"line":105}},"branchMap":{"0":{"loc":{"start":{"line":10,"column":6},"end":{"line":12,"column":7}},"type":"if","locations":[{"start":{"line":10,"column":6},"end":{"line":12,"column":7}},{"start":{},"end":{}}],"line":10},"1":{"loc":{"start":{"line":69,"column":6},"end":{"line":71,"column":7}},"type":"if","locations":[{"start":{"line":69,"column":6},"end":{"line":71,"column":7}},{"start":{},"end":{}}],"line":69},"2":{"loc":{"start":{"line":85,"column":6},"end":{"line":87,"column":7}},"type":"if","locations":[{"start":{"line":85,"column":6},"end":{"line":87,"column":7}},{"start":{},"end":{}}],"line":85},"3":{"loc":{"start":{"line":91,"column":6},"end":{"line":93,"column":7}},"type":"if","locations":[{"start":{"line":91,"column":6},"end":{"line":93,"column":7}},{"start":{},"end":{}}],"line":91},"4":{"loc":{"start":{"line":111,"column":6},"end":{"line":113,"column":7}},"type":"if","locations":[{"start":{"line":111,"column":6},"end":{"line":113,"column":7}},{"start":{},"end":{}}],"line":111}},"s":{"0":3,"1":3,"2":3,"3":3,"4":3,"5":0,"6":0,"7":0,"8":0,"9":0,"10":0,"11":0,"12":0,"13":0,"14":0,"15":0,"16":0,"17":0,"18":0,"19":0,"20":0,"21":3,"22":3,"23":3,"24":3,"25":0,"26":0,"27":3,"28":3,"29":3,"30":3,"31":1,"32":2,"33":1,"34":1,"35":1,"36":1,"37":1,"38":1,"39":0,"40":1,"41":1,"42":0,"43":1,"44":1,"45":0,"46":0,"47":1,"48":1,"49":1,"50":1,"51":0,"52":1,"53":1,"54":0,"55":0},"f":{"0":0,"1":3,"2":3,"3":1,"4":1},"b":{"0":[0,0],"1":[1,2],"2":[0,1],"3":[0,1],"4":[0,1]},"_coverageSchema":"1a1c01bbd47fc00a2c39e90264f33305004495a9","hash":"210af5d4ef5d582abb1dbbde3540d750b94e9b90"}
,"C:\\Users\\emirh\\Hacktiv8\\Phase 2 - repeat\\week 3\\IP\\hck91-IP\\server\\controllers\\UserController.js": {"path":"C:\\Users\\emirh\\Hacktiv8\\Phase 2 - repeat\\week 3\\IP\\hck91-IP\\server\\controllers\\UserController.js","statementMap":{"0":{"start":{"line":1,"column":17},"end":{"line":1,"column":37}},"1":{"start":{"line":2,"column":28},"end":{"line":2,"column":56}},"2":{"start":{"line":3,"column":22},"end":{"line":3,"column":47}},"3":{"start":{"line":4,"column":25},"end":{"line":4,"column":55}},"4":{"start":{"line":5,"column":15},"end":{"line":5,"column":61}},"5":{"start":{"line":7,"column":0},"end":{"line":98,"column":2}},"6":{"start":{"line":9,"column":4},"end":{"line":23,"column":5}},"7":{"start":{"line":10,"column":34},"end":{"line":10,"column":42}},"8":{"start":{"line":11,"column":22},"end":{"line":14,"column":8}},"9":{"start":{"line":16,"column":6},"end":{"line":19,"column":9}},"10":{"start":{"line":21,"column":6},"end":{"line":21,"column":50}},"11":{"start":{"line":22,"column":6},"end":{"line":22,"column":18}},"12":{"start":{"line":27,"column":4},"end":{"line":67,"column":5}},"13":{"start":{"line":28,"column":34},"end":{"line":28,"column":42}},"14":{"start":{"line":30,"column":6},"end":{"line":35,"column":7}},"15":{"start":{"line":31,"column":8},"end":{"line":34,"column":10}},"16":{"start":{"line":37,"column":6},"end":{"line":42,"column":7}},"17":{"start":{"line":38,"column":8},"end":{"line":41,"column":10}},"18":{"start":{"line":44,"column":19},"end":{"line":44,"column":59}},"19":{"start":{"line":46,"column":6},"end":{"line":51,"column":7}},"20":{"start":{"line":47,"column":8},"end":{"line":50,"column":10}},"21":{"start":{"line":53,"column":30},"end":{"line":53,"column":70}},"22":{"start":{"line":54,"column":6},"end":{"line":59,"column":7}},"23":{"start":{"line":55,"column":8},"end":{"line":58,"column":10}},"24":{"start":{"line":61,"column":27},"end":{"line":61,"column":53}},"25":{"start":{"line":63,"column":6},"end":{"line":63,"column":45}},"26":{"start":{"line":65,"column":6},"end":{"line":65,"column":51}},"27":{"start":{"line":66,"column":6},"end":{"line":66,"column":18}},"28":{"start":{"line":71,"column":4},"end":{"line":96,"column":5}},"29":{"start":{"line":72,"column":24},"end":{"line":72,"column":35}},"30":{"start":{"line":73,"column":21},"end":{"line":76,"column":8}},"31":{"start":{"line":78,"column":22},"end":{"line":78,"column":41}},"32":{"start":{"line":79,"column":6},"end":{"line":79,"column":51}},"33":{"start":{"line":81,"column":30},"end":{"line":88,"column":8}},"34":{"start":{"line":89,"column":6},"end":{"line":89,"column":66}},"35":{"start":{"line":90,"column":27},"end":{"line":90,"column":53}},"36":{"start":{"line":92,"column":6},"end":{"line":92,"column":45}},"37":{"start":{"line":94,"column":6},"end":{"line":94,"column":52}},"38":{"start":{"line":95,"column":6},"end":{"line":95,"column":18}}},"fnMap":{"0":{"name":"(anonymous_0)","decl":{"start":{"line":8,"column":2},"end":{"line":8,"column":3}},"loc":{"start":{"line":8,"column":40},"end":{"line":24,"column":3}},"line":8},"1":{"name":"(anonymous_1)","decl":{"start":{"line":26,"column":2},"end":{"line":26,"column":3}},"loc":{"start":{"line":26,"column":41},"end":{"line":68,"column":3}},"line":26},"2":{"name":"(anonymous_2)","decl":{"start":{"line":70,"column":2},"end":{"line":70,"column":3}},"loc":{"start":{"line":70,"column":43},"end":{"line":97,"column":3}},"line":70}},"branchMap":{"0":{"loc":{"start":{"line":30,"column":6},"end":{"line":35,"column":7}},"type":"if","locations":[{"start":{"line":30,"column":6},"end":{"line":35,"column":7}},{"start":{},"end":{}}],"line":30},"1":{"loc":{"start":{"line":37,"column":6},"end":{"line":42,"column":7}},"type":"if","locations":[{"start":{"line":37,"column":6},"end":{"line":42,"column":7}},{"start":{},"end":{}}],"line":37},"2":{"loc":{"start":{"line":46,"column":6},"end":{"line":51,"column":7}},"type":"if","locations":[{"start":{"line":46,"column":6},"end":{"line":51,"column":7}},{"start":{},"end":{}}],"line":46},"3":{"loc":{"start":{"line":54,"column":6},"end":{"line":59,"column":7}},"type":"if","locations":[{"start":{"line":54,"column":6},"end":{"line":59,"column":7}},{"start":{},"end":{}}],"line":54}},"s":{"0":3,"1":3,"2":3,"3":3,"4":3,"5":3,"6":5,"7":5,"8":5,"9":1,"10":4,"11":4,"12":15,"13":15,"14":15,"15":1,"16":14,"17":1,"18":13,"19":13,"20":1,"21":12,"22":12,"23":1,"24":11,"25":11,"26":4,"27":4,"28":6,"29":6,"30":6,"31":4,"32":4,"33":4,"34":4,"35":4,"36":4,"37":2,"38":2},"f":{"0":5,"1":15,"2":6},"b":{"0":[1,14],"1":[1,13],"2":[1,12],"3":[1,11]},"_coverageSchema":"1a1c01bbd47fc00a2c39e90264f33305004495a9","hash":"c5908d3fe0cc0115f931348987aee34f14976a9e"}
,"C:\\Users\\emirh\\Hacktiv8\\Phase 2 - repeat\\week 3\\IP\\hck91-IP\\server\\helpers\\bcrypt.js": {"path":"C:\\Users\\emirh\\Hacktiv8\\Phase 2 - repeat\\week 3\\IP\\hck91-IP\\server\\helpers\\bcrypt.js","statementMap":{"0":{"start":{"line":1,"column":15},"end":{"line":1,"column":32}},"1":{"start":{"line":3,"column":21},"end":{"line":7,"column":1}},"2":{"start":{"line":4,"column":15},"end":{"line":4,"column":37}},"3":{"start":{"line":5,"column":25},"end":{"line":5,"column":56}},"4":{"start":{"line":6,"column":2},"end":{"line":6,"column":24}},"5":{"start":{"line":9,"column":24},"end":{"line":12,"column":1}},"6":{"start":{"line":10,"column":18},"end":{"line":10,"column":62}},"7":{"start":{"line":11,"column":2},"end":{"line":11,"column":17}},"8":{"start":{"line":14,"column":0},"end":{"line":17,"column":2}}},"fnMap":{"0":{"name":"(anonymous_0)","decl":{"start":{"line":3,"column":21},"end":{"line":3,"column":22}},"loc":{"start":{"line":3,"column":35},"end":{"line":7,"column":1}},"line":3},"1":{"name":"(anonymous_1)","decl":{"start":{"line":9,"column":24},"end":{"line":9,"column":25}},"loc":{"start":{"line":9,"column":54},"end":{"line":12,"column":1}},"line":9}},"branchMap":{},"s":{"0":4,"1":4,"2":11,"3":11,"4":11,"5":4,"6":14,"7":14,"8":4},"f":{"0":11,"1":14},"b":{},"_coverageSchema":"1a1c01bbd47fc00a2c39e90264f33305004495a9","hash":"742806eed6cd1a7acbff2587fd2b2818a492656c"}
,"C:\\Users\\emirh\\Hacktiv8\\Phase 2 - repeat\\week 3\\IP\\hck91-IP\\server\\helpers\\cloudinaryService.js": {"path":"C:\\Users\\emirh\\Hacktiv8\\Phase 2 - repeat\\week 3\\IP\\hck91-IP\\server\\helpers\\cloudinaryService.js","statementMap":{"0":{"start":{"line":1,"column":0},"end":{"line":3,"column":1}},"1":{"start":{"line":2,"column":2},"end":{"line":2,"column":29}},"2":{"start":{"line":5,"column":19},"end":{"line":5,"column":43}},"3":{"start":{"line":12,"column":0},"end":{"line":16,"column":3}},"4":{"start":{"line":23,"column":27},"end":{"line":53,"column":1}},"5":{"start":{"line":24,"column":2},"end":{"line":52,"column":3}},"6":{"start":{"line":25,"column":4},"end":{"line":45,"column":7}},"7":{"start":{"line":26,"column":27},"end":{"line":40,"column":7}},"8":{"start":{"line":34,"column":10},"end":{"line":38,"column":11}},"9":{"start":{"line":35,"column":12},"end":{"line":35,"column":26}},"10":{"start":{"line":37,"column":12},"end":{"line":37,"column":55}},"11":{"start":{"line":43,"column":6},"end":{"line":43,"column":36}},"12":{"start":{"line":44,"column":6},"end":{"line":44,"column":53}},"13":{"start":{"line":47,"column":4},"end":{"line":47,"column":57}},"14":{"start":{"line":48,"column":4},"end":{"line":51,"column":6}},"15":{"start":{"line":55,"column":0},"end":{"line":55,"column":40}}},"fnMap":{"0":{"name":"(anonymous_0)","decl":{"start":{"line":23,"column":27},"end":{"line":23,"column":28}},"loc":{"start":{"line":23,"column":43},"end":{"line":53,"column":1}},"line":23},"1":{"name":"(anonymous_1)","decl":{"start":{"line":25,"column":23},"end":{"line":25,"column":24}},"loc":{"start":{"line":25,"column":44},"end":{"line":45,"column":5}},"line":25},"2":{"name":"(anonymous_2)","decl":{"start":{"line":33,"column":8},"end":{"line":33,"column":9}},"loc":{"start":{"line":33,"column":27},"end":{"line":39,"column":9}},"line":33}},"branchMap":{"0":{"loc":{"start":{"line":1,"column":0},"end":{"line":3,"column":1}},"type":"if","locations":[{"start":{"line":1,"column":0},"end":{"line":3,"column":1}},{"start":{},"end":{}}],"line":1},"1":{"loc":{"start":{"line":34,"column":10},"end":{"line":38,"column":11}},"type":"if","locations":[{"start":{"line":34,"column":10},"end":{"line":38,"column":11}},{"start":{"line":36,"column":17},"end":{"line":38,"column":11}}],"line":34}},"s":{"0":4,"1":4,"2":4,"3":4,"4":4,"5":0,"6":0,"7":0,"8":0,"9":0,"10":0,"11":0,"12":0,"13":0,"14":0,"15":4},"f":{"0":0,"1":0,"2":0},"b":{"0":[4,0],"1":[0,0]},"_coverageSchema":"1a1c01bbd47fc00a2c39e90264f33305004495a9","hash":"ab38bb6ef59ae28bc3727015fcf2d86178caca8c"}
,"C:\\Users\\emirh\\Hacktiv8\\Phase 2 - repeat\\week 3\\IP\\hck91-IP\\server\\helpers\\geminiService.js": {"path":"C:\\Users\\emirh\\Hacktiv8\\Phase 2 - repeat\\week 3\\IP\\hck91-IP\\server\\helpers\\geminiService.js","statementMap":{"0":{"start":{"line":1,"column":0},"end":{"line":3,"column":1}},"1":{"start":{"line":2,"column":2},"end":{"line":2,"column":29}},"2":{"start":{"line":5,"column":31},"end":{"line":5,"column":63}},"3":{"start":{"line":12,"column":14},"end":{"line":12,"column":64}},"4":{"start":{"line":27,"column":27},"end":{"line":86,"column":1}},"5":{"start":{"line":28,"column":2},"end":{"line":85,"column":3}},"6":{"start":{"line":29,"column":18},"end":{"line":29,"column":79}},"7":{"start":{"line":31,"column":19},"end":{"line":61,"column":1}},"8":{"start":{"line":63,"column":19},"end":{"line":63,"column":54}},"9":{"start":{"line":64,"column":21},"end":{"line":64,"column":42}},"10":{"start":{"line":65,"column":17},"end":{"line":65,"column":32}},"11":{"start":{"line":68,"column":22},"end":{"line":68,"column":33}},"12":{"start":{"line":71,"column":4},"end":{"line":77,"column":5}},"13":{"start":{"line":72,"column":6},"end":{"line":74,"column":32}},"14":{"start":{"line":75,"column":11},"end":{"line":77,"column":5}},"15":{"start":{"line":76,"column":6},"end":{"line":76,"column":55}},"16":{"start":{"line":80,"column":25},"end":{"line":80,"column":48}},"17":{"start":{"line":82,"column":4},"end":{"line":82,"column":24}},"18":{"start":{"line":84,"column":4},"end":{"line":84,"column":69}},"19":{"start":{"line":88,"column":0},"end":{"line":88,"column":40}}},"fnMap":{"0":{"name":"(anonymous_0)","decl":{"start":{"line":27,"column":27},"end":{"line":27,"column":28}},"loc":{"start":{"line":27,"column":46},"end":{"line":86,"column":1}},"line":27}},"branchMap":{"0":{"loc":{"start":{"line":1,"column":0},"end":{"line":3,"column":1}},"type":"if","locations":[{"start":{"line":1,"column":0},"end":{"line":3,"column":1}},{"start":{},"end":{}}],"line":1},"1":{"loc":{"start":{"line":71,"column":4},"end":{"line":77,"column":5}},"type":"if","locations":[{"start":{"line":71,"column":4},"end":{"line":77,"column":5}},{"start":{"line":75,"column":11},"end":{"line":77,"column":5}}],"line":71},"2":{"loc":{"start":{"line":75,"column":11},"end":{"line":77,"column":5}},"type":"if","locations":[{"start":{"line":75,"column":11},"end":{"line":77,"column":5}},{"start":{},"end":{}}],"line":75}},"s":{"0":4,"1":4,"2":4,"3":4,"4":4,"5":0,"6":0,"7":0,"8":0,"9":0,"10":0,"11":0,"12":0,"13":0,"14":0,"15":0,"16":0,"17":0,"18":0,"19":4},"f":{"0":0},"b":{"0":[4,0],"1":[0,0],"2":[0,0]},"_coverageSchema":"1a1c01bbd47fc00a2c39e90264f33305004495a9","hash":"a22c91f5e76245b574dc07e42d423ecbda72cb88"}
,"C:\\Users\\emirh\\Hacktiv8\\Phase 2 - repeat\\week 3\\IP\\hck91-IP\\server\\helpers\\jwt.js": {"path":"C:\\Users\\emirh\\Hacktiv8\\Phase 2 - repeat\\week 3\\IP\\hck91-IP\\server\\helpers\\jwt.js","statementMap":{"0":{"start":{"line":1,"column":12},"end":{"line":1,"column":35}},"1":{"start":{"line":3,"column":19},"end":{"line":3,"column":41}},"2":{"start":{"line":5,"column":18},"end":{"line":7,"column":1}},"3":{"start":{"line":6,"column":2},"end":{"line":6,"column":39}},"4":{"start":{"line":9,"column":20},"end":{"line":11,"column":1}},"5":{"start":{"line":10,"column":2},"end":{"line":10,"column":39}},"6":{"start":{"line":13,"column":0},"end":{"line":16,"column":2}}},"fnMap":{"0":{"name":"(anonymous_0)","decl":{"start":{"line":5,"column":18},"end":{"line":5,"column":19}},"loc":{"start":{"line":5,"column":31},"end":{"line":7,"column":1}},"line":5},"1":{"name":"(anonymous_1)","decl":{"start":{"line":9,"column":20},"end":{"line":9,"column":21}},"loc":{"start":{"line":9,"column":31},"end":{"line":11,"column":1}},"line":9}},"branchMap":{},"s":{"0":4,"1":4,"2":4,"3":16,"4":4,"5":21,"6":4},"f":{"0":16,"1":21},"b":{},"_coverageSchema":"1a1c01bbd47fc00a2c39e90264f33305004495a9","hash":"669df36a728431599c5245a0a674a8475ae32227"}
,"C:\\Users\\emirh\\Hacktiv8\\Phase 2 - repeat\\week 3\\IP\\hck91-IP\\server\\helpers\\textExtractor.js": {"path":"C:\\Users\\emirh\\Hacktiv8\\Phase 2 - repeat\\week 3\\IP\\hck91-IP\\server\\helpers\\textExtractor.js","statementMap":{"0":{"start":{"line":1,"column":17},"end":{"line":1,"column":37}},"1":{"start":{"line":2,"column":16},"end":{"line":2,"column":34}},"2":{"start":{"line":9,"column":28},"end":{"line":35,"column":1}},"3":{"start":{"line":10,"column":2},"end":{"line":34,"column":3}},"4":{"start":{"line":11,"column":21},"end":{"line":11,"column":34}},"5":{"start":{"line":14,"column":4},"end":{"line":17,"column":5}},"6":{"start":{"line":15,"column":19},"end":{"line":15,"column":46}},"7":{"start":{"line":16,"column":6},"end":{"line":16,"column":23}},"8":{"start":{"line":20,"column":4},"end":{"line":27,"column":5}},"9":{"start":{"line":25,"column":21},"end":{"line":25,"column":74}},"10":{"start":{"line":26,"column":6},"end":{"line":26,"column":26}},"11":{"start":{"line":29,"column":4},"end":{"line":31,"column":6}},"12":{"start":{"line":33,"column":4},"end":{"line":33,"column":64}},"13":{"start":{"line":37,"column":0},"end":{"line":37,"column":41}}},"fnMap":{"0":{"name":"(anonymous_0)","decl":{"start":{"line":9,"column":28},"end":{"line":9,"column":29}},"loc":{"start":{"line":9,"column":44},"end":{"line":35,"column":1}},"line":9}},"branchMap":{"0":{"loc":{"start":{"line":14,"column":4},"end":{"line":17,"column":5}},"type":"if","locations":[{"start":{"line":14,"column":4},"end":{"line":17,"column":5}},{"start":{},"end":{}}],"line":14},"1":{"loc":{"start":{"line":20,"column":4},"end":{"line":27,"column":5}},"type":"if","locations":[{"start":{"line":20,"column":4},"end":{"line":27,"column":5}},{"start":{},"end":{}}],"line":20},"2":{"loc":{"start":{"line":21,"column":6},"end":{"line":23,"column":39}},"type":"binary-expr","locations":[{"start":{"line":21,"column":6},"end":{"line":22,"column":81}},{"start":{"line":23,"column":6},"end":{"line":23,"column":39}}],"line":21}},"s":{"0":4,"1":4,"2":4,"3":0,"4":0,"5":0,"6":0,"7":0,"8":0,"9":0,"10":0,"11":0,"12":0,"13":4},"f":{"0":0},"b":{"0":[0,0],"1":[0,0],"2":[0,0]},"_coverageSchema":"1a1c01bbd47fc00a2c39e90264f33305004495a9","hash":"b507e4310d8e966f60acddb75c662b30c92f689b"}
,"C:\\Users\\emirh\\Hacktiv8\\Phase 2 - repeat\\week 3\\IP\\hck91-IP\\server\\middlewares\\authenticate.js": {"path":"C:\\Users\\emirh\\Hacktiv8\\Phase 2 - repeat\\week 3\\IP\\hck91-IP\\server\\middlewares\\authenticate.js","statementMap":{"0":{"start":{"line":1,"column":24},"end":{"line":1,"column":49}},"1":{"start":{"line":2,"column":17},"end":{"line":2,"column":37}},"2":{"start":{"line":4,"column":21},"end":{"line":32,"column":1}},"3":{"start":{"line":5,"column":2},"end":{"line":31,"column":3}},"4":{"start":{"line":7,"column":23},"end":{"line":7,"column":48}},"5":{"start":{"line":9,"column":4},"end":{"line":14,"column":5}},"6":{"start":{"line":10,"column":6},"end":{"line":13,"column":8}},"7":{"start":{"line":16,"column":18},"end":{"line":16,"column":42}},"8":{"start":{"line":18,"column":20},"end":{"line":18,"column":38}},"9":{"start":{"line":20,"column":17},"end":{"line":20,"column":48}},"10":{"start":{"line":21,"column":4},"end":{"line":23,"column":5}},"11":{"start":{"line":22,"column":6},"end":{"line":22,"column":61}},"12":{"start":{"line":25,"column":4},"end":{"line":25,"column":20}},"13":{"start":{"line":27,"column":4},"end":{"line":27,"column":11}},"14":{"start":{"line":29,"column":4},"end":{"line":29,"column":54}},"15":{"start":{"line":30,"column":4},"end":{"line":30,"column":16}},"16":{"start":{"line":34,"column":0},"end":{"line":34,"column":30}}},"fnMap":{"0":{"name":"(anonymous_0)","decl":{"start":{"line":4,"column":21},"end":{"line":4,"column":22}},"loc":{"start":{"line":4,"column":47},"end":{"line":32,"column":1}},"line":4}},"branchMap":{"0":{"loc":{"start":{"line":9,"column":4},"end":{"line":14,"column":5}},"type":"if","locations":[{"start":{"line":9,"column":4},"end":{"line":14,"column":5}},{"start":{},"end":{}}],"line":9},"1":{"loc":{"start":{"line":9,"column":8},"end":{"line":9,"column":56}},"type":"binary-expr","locations":[{"start":{"line":9,"column":8},"end":{"line":9,"column":19}},{"start":{"line":9,"column":23},"end":{"line":9,"column":56}}],"line":9},"2":{"loc":{"start":{"line":21,"column":4},"end":{"line":23,"column":5}},"type":"if","locations":[{"start":{"line":21,"column":4},"end":{"line":23,"column":5}},{"start":{},"end":{}}],"line":21}},"s":{"0":3,"1":3,"2":3,"3":24,"4":24,"5":24,"6":6,"7":18,"8":18,"9":14,"10":14,"11":0,"12":14,"13":14,"14":10,"15":10,"16":3},"f":{"0":24},"b":{"0":[6,18],"1":[24,19],"2":[0,14]},"_coverageSchema":"1a1c01bbd47fc00a2c39e90264f33305004495a9","hash":"7cce81e1064923f877211c69fddaddfeeba571d4"}
,"C:\\Users\\emirh\\Hacktiv8\\Phase 2 - repeat\\week 3\\IP\\hck91-IP\\server\\middlewares\\errorHandler.js": {"path":"C:\\Users\\emirh\\Hacktiv8\\Phase 2 - repeat\\week 3\\IP\\hck91-IP\\server\\middlewares\\errorHandler.js","statementMap":{"0":{"start":{"line":2,"column":2},"end":{"line":2,"column":40}},"1":{"start":{"line":4,"column":2},"end":{"line":32,"column":3}},"2":{"start":{"line":6,"column":6},"end":{"line":6,"column":63}},"3":{"start":{"line":7,"column":6},"end":{"line":7,"column":12}},"4":{"start":{"line":9,"column":6},"end":{"line":9,"column":63}},"5":{"start":{"line":10,"column":6},"end":{"line":10,"column":12}},"6":{"start":{"line":12,"column":6},"end":{"line":12,"column":53}},"7":{"start":{"line":13,"column":6},"end":{"line":13,"column":12}},"8":{"start":{"line":15,"column":6},"end":{"line":15,"column":53}},"9":{"start":{"line":16,"column":6},"end":{"line":16,"column":12}},"10":{"start":{"line":18,"column":6},"end":{"line":18,"column":57}},"11":{"start":{"line":19,"column":6},"end":{"line":19,"column":12}},"12":{"start":{"line":21,"column":6},"end":{"line":21,"column":53}},"13":{"start":{"line":22,"column":6},"end":{"line":22,"column":12}},"14":{"start":{"line":24,"column":6},"end":{"line":24,"column":53}},"15":{"start":{"line":25,"column":6},"end":{"line":25,"column":12}},"16":{"start":{"line":27,"column":6},"end":{"line":27,"column":53}},"17":{"start":{"line":28,"column":6},"end":{"line":28,"column":12}},"18":{"start":{"line":30,"column":6},"end":{"line":30,"column":65}},"19":{"start":{"line":31,"column":6},"end":{"line":31,"column":12}},"20":{"start":{"line":34,"column":0},"end":{"line":34,"column":30}}},"fnMap":{"0":{"name":"errorHandler","decl":{"start":{"line":1,"column":9},"end":{"line":1,"column":21}},"loc":{"start":{"line":1,"column":43},"end":{"line":33,"column":1}},"line":1}},"branchMap":{"0":{"loc":{"start":{"line":4,"column":2},"end":{"line":32,"column":3}},"type":"switch","locations":[{"start":{"line":5,"column":4},"end":{"line":7,"column":12}},{"start":{"line":8,"column":4},"end":{"line":10,"column":12}},{"start":{"line":11,"column":4},"end":{"line":13,"column":12}},{"start":{"line":14,"column":4},"end":{"line":16,"column":12}},{"start":{"line":17,"column":4},"end":{"line":19,"column":12}},{"start":{"line":20,"column":4},"end":{"line":22,"column":12}},{"start":{"line":23,"column":4},"end":{"line":25,"column":12}},{"start":{"line":26,"column":4},"end":{"line":28,"column":12}},{"start":{"line":29,"column":4},"end":{"line":31,"column":12}}],"line":4}},"s":{"0":27,"1":27,"2":3,"3":3,"4":1,"5":1,"6":0,"7":0,"8":4,"9":4,"10":4,"11":4,"12":3,"13":3,"14":4,"15":4,"16":6,"17":6,"18":2,"19":2,"20":3},"f":{"0":27},"b":{"0":[3,1,0,4,4,3,4,6,2]},"_coverageSchema":"1a1c01bbd47fc00a2c39e90264f33305004495a9","hash":"7b4aaf7636f49db0a6f0535aac3d1dbda2e1f83e"}
,"C:\\Users\\emirh\\Hacktiv8\\Phase 2 - repeat\\week 3\\IP\\hck91-IP\\server\\middlewares\\matchUser.js": {"path":"C:\\Users\\emirh\\Hacktiv8\\Phase 2 - repeat\\week 3\\IP\\hck91-IP\\server\\middlewares\\matchUser.js","statementMap":{"0":{"start":{"line":1,"column":15},"end":{"line":1,"column":35}},"1":{"start":{"line":4,"column":2},"end":{"line":21,"column":3}},"2":{"start":{"line":5,"column":19},"end":{"line":5,"column":29}},"3":{"start":{"line":7,"column":20},"end":{"line":7,"column":41}},"4":{"start":{"line":9,"column":4},"end":{"line":11,"column":5}},"5":{"start":{"line":10,"column":6},"end":{"line":10,"column":58}},"6":{"start":{"line":13,"column":4},"end":{"line":17,"column":5}},"7":{"start":{"line":14,"column":6},"end":{"line":14,"column":13}},"8":{"start":{"line":16,"column":6},"end":{"line":16,"column":60}},"9":{"start":{"line":19,"column":4},"end":{"line":19,"column":66}},"10":{"start":{"line":20,"column":4},"end":{"line":20,"column":16}},"11":{"start":{"line":24,"column":0},"end":{"line":24,"column":27}}},"fnMap":{"0":{"name":"matchUser","decl":{"start":{"line":3,"column":15},"end":{"line":3,"column":24}},"loc":{"start":{"line":3,"column":41},"end":{"line":22,"column":1}},"line":3}},"branchMap":{"0":{"loc":{"start":{"line":9,"column":4},"end":{"line":11,"column":5}},"type":"if","locations":[{"start":{"line":9,"column":4},"end":{"line":11,"column":5}},{"start":{},"end":{}}],"line":9},"1":{"loc":{"start":{"line":13,"column":4},"end":{"line":17,"column":5}},"type":"if","locations":[{"start":{"line":13,"column":4},"end":{"line":17,"column":5}},{"start":{"line":15,"column":11},"end":{"line":17,"column":5}}],"line":13}},"s":{"0":3,"1":8,"2":8,"3":8,"4":8,"5":2,"6":6,"7":2,"8":4,"9":6,"10":6,"11":3},"f":{"0":8},"b":{"0":[2,6],"1":[2,4]},"_coverageSchema":"1a1c01bbd47fc00a2c39e90264f33305004495a9","hash":"260fbbef430ff3a57077a85b5b0b5d1122186853"}
,"C:\\Users\\emirh\\Hacktiv8\\Phase 2 - repeat\\week 3\\IP\\hck91-IP\\server\\middlewares\\uploadMiddleware.js": {"path":"C:\\Users\\emirh\\Hacktiv8\\Phase 2 - repeat\\week 3\\IP\\hck91-IP\\server\\middlewares\\uploadMiddleware.js","statementMap":{"0":{"start":{"line":1,"column":15},"end":{"line":1,"column":32}},"1":{"start":{"line":10,"column":16},"end":{"line":10,"column":38}},"2":{"start":{"line":13,"column":19},"end":{"line":30,"column":1}},"3":{"start":{"line":14,"column":27},"end":{"line":18,"column":3}},"4":{"start":{"line":20,"column":2},"end":{"line":29,"column":3}},"5":{"start":{"line":21,"column":4},"end":{"line":21,"column":19}},"6":{"start":{"line":23,"column":4},"end":{"line":28,"column":6}},"7":{"start":{"line":33,"column":15},"end":{"line":39,"column":2}},"8":{"start":{"line":41,"column":0},"end":{"line":41,"column":24}}},"fnMap":{"0":{"name":"(anonymous_0)","decl":{"start":{"line":13,"column":19},"end":{"line":13,"column":20}},"loc":{"start":{"line":13,"column":38},"end":{"line":30,"column":1}},"line":13}},"branchMap":{"0":{"loc":{"start":{"line":20,"column":2},"end":{"line":29,"column":3}},"type":"if","locations":[{"start":{"line":20,"column":2},"end":{"line":29,"column":3}},{"start":{"line":22,"column":9},"end":{"line":29,"column":3}}],"line":20}},"s":{"0":3,"1":3,"2":3,"3":0,"4":0,"5":0,"6":0,"7":3,"8":3},"f":{"0":0},"b":{"0":[0,0]},"_coverageSchema":"1a1c01bbd47fc00a2c39e90264f33305004495a9","hash":"d9fcd62d64e67490f624e7a22a36522809adc251"}
,"C:\\Users\\emirh\\Hacktiv8\\Phase 2 - repeat\\week 3\\IP\\hck91-IP\\server\\models\\Cv.js": {"path":"C:\\Users\\emirh\\Hacktiv8\\Phase 2 - repeat\\week 3\\IP\\hck91-IP\\server\\models\\Cv.js","statementMap":{"0":{"start":{"line":2,"column":18},"end":{"line":2,"column":38}},"1":{"start":{"line":4,"column":0},"end":{"line":41,"column":2}},"2":{"start":{"line":8,"column":6},"end":{"line":8,"column":58}},"3":{"start":{"line":12,"column":2},"end":{"line":38,"column":4}},"4":{"start":{"line":40,"column":2},"end":{"line":40,"column":12}}},"fnMap":{"0":{"name":"(anonymous_0)","decl":{"start":{"line":4,"column":17},"end":{"line":4,"column":18}},"loc":{"start":{"line":4,"column":43},"end":{"line":41,"column":1}},"line":4},"1":{"name":"(anonymous_1)","decl":{"start":{"line":6,"column":4},"end":{"line":6,"column":5}},"loc":{"start":{"line":6,"column":29},"end":{"line":9,"column":5}},"line":6}},"branchMap":{},"s":{"0":3,"1":3,"2":3,"3":3,"4":3},"f":{"0":3,"1":3},"b":{},"_coverageSchema":"1a1c01bbd47fc00a2c39e90264f33305004495a9","hash":"31ce4444829b9655a61f63ef9a2078a1c72173ff"}
,"C:\\Users\\emirh\\Hacktiv8\\Phase 2 - repeat\\week 3\\IP\\hck91-IP\\server\\models\\index.js": {"path":"C:\\Users\\emirh\\Hacktiv8\\Phase 2 - repeat\\week 3\\IP\\hck91-IP\\server\\models\\index.js","statementMap":{"0":{"start":{"line":3,"column":11},"end":{"line":3,"column":24}},"1":{"start":{"line":4,"column":13},"end":{"line":4,"column":28}},"2":{"start":{"line":5,"column":18},"end":{"line":5,"column":38}},"3":{"start":{"line":6,"column":16},"end":{"line":6,"column":34}},"4":{"start":{"line":7,"column":17},"end":{"line":7,"column":42}},"5":{"start":{"line":8,"column":12},"end":{"line":8,"column":49}},"6":{"start":{"line":9,"column":15},"end":{"line":9,"column":65}},"7":{"start":{"line":10,"column":11},"end":{"line":10,"column":13}},"8":{"start":{"line":13,"column":0},"end":{"line":17,"column":1}},"9":{"start":{"line":14,"column":2},"end":{"line":14,"column":74}},"10":{"start":{"line":16,"column":2},"end":{"line":16,"column":87}},"11":{"start":{"line":19,"column":0},"end":{"line":32,"column":5}},"12":{"start":{"line":22,"column":4},"end":{"line":27,"column":6}},"13":{"start":{"line":30,"column":18},"end":{"line":30,"column":85}},"14":{"start":{"line":31,"column":4},"end":{"line":31,"column":27}},"15":{"start":{"line":34,"column":0},"end":{"line":38,"column":3}},"16":{"start":{"line":35,"column":2},"end":{"line":37,"column":3}},"17":{"start":{"line":36,"column":4},"end":{"line":36,"column":32}},"18":{"start":{"line":40,"column":0},"end":{"line":40,"column":25}},"19":{"start":{"line":41,"column":0},"end":{"line":41,"column":25}},"20":{"start":{"line":43,"column":0},"end":{"line":43,"column":20}}},"fnMap":{"0":{"name":"(anonymous_0)","decl":{"start":{"line":21,"column":10},"end":{"line":21,"column":11}},"loc":{"start":{"line":21,"column":18},"end":{"line":28,"column":3}},"line":21},"1":{"name":"(anonymous_1)","decl":{"start":{"line":29,"column":11},"end":{"line":29,"column":12}},"loc":{"start":{"line":29,"column":19},"end":{"line":32,"column":3}},"line":29},"2":{"name":"(anonymous_2)","decl":{"start":{"line":34,"column":24},"end":{"line":34,"column":25}},"loc":{"start":{"line":34,"column":37},"end":{"line":38,"column":1}},"line":34}},"branchMap":{"0":{"loc":{"start":{"line":8,"column":12},"end":{"line":8,"column":49}},"type":"binary-expr","locations":[{"start":{"line":8,"column":12},"end":{"line":8,"column":32}},{"start":{"line":8,"column":36},"end":{"line":8,"column":49}}],"line":8},"1":{"loc":{"start":{"line":13,"column":0},"end":{"line":17,"column":1}},"type":"if","locations":[{"start":{"line":13,"column":0},"end":{"line":17,"column":1}},{"start":{"line":15,"column":7},"end":{"line":17,"column":1}}],"line":13},"2":{"loc":{"start":{"line":23,"column":6},"end":{"line":26,"column":37}},"type":"binary-expr","locations":[{"start":{"line":23,"column":6},"end":{"line":23,"column":29}},{"start":{"line":24,"column":6},"end":{"line":24,"column":23}},{"start":{"line":25,"column":6},"end":{"line":25,"column":30}},{"start":{"line":26,"column":6},"end":{"line":26,"column":37}}],"line":23},"3":{"loc":{"start":{"line":35,"column":2},"end":{"line":37,"column":3}},"type":"if","locations":[{"start":{"line":35,"column":2},"end":{"line":37,"column":3}},{"start":{},"end":{}}],"line":35}},"s":{"0":3,"1":3,"2":3,"3":3,"4":3,"5":3,"6":3,"7":3,"8":3,"9":0,"10":3,"11":3,"12":9,"13":6,"14":6,"15":3,"16":6,"17":6,"18":3,"19":3,"20":3},"f":{"0":9,"1":6,"2":6},"b":{"0":[3,0],"1":[0,3],"2":[9,9,6,6],"3":[6,0]},"_coverageSchema":"1a1c01bbd47fc00a2c39e90264f33305004495a9","hash":"dfa579e162c52045d2336f0df5fd6b24b723bd58"}
,"C:\\Users\\emirh\\Hacktiv8\\Phase 2 - repeat\\week 3\\IP\\hck91-IP\\server\\models\\user.js": {"path":"C:\\Users\\emirh\\Hacktiv8\\Phase 2 - repeat\\week 3\\IP\\hck91-IP\\server\\models\\user.js","statementMap":{"0":{"start":{"line":2,"column":18},"end":{"line":2,"column":38}},"1":{"start":{"line":3,"column":25},"end":{"line":3,"column":53}},"2":{"start":{"line":4,"column":0},"end":{"line":46,"column":2}},"3":{"start":{"line":13,"column":6},"end":{"line":13,"column":56}},"4":{"start":{"line":16,"column":2},"end":{"line":41,"column":4}},"5":{"start":{"line":42,"column":2},"end":{"line":44,"column":5}},"6":{"start":{"line":43,"column":4},"end":{"line":43,"column":48}},"7":{"start":{"line":45,"column":2},"end":{"line":45,"column":14}}},"fnMap":{"0":{"name":"(anonymous_0)","decl":{"start":{"line":4,"column":17},"end":{"line":4,"column":18}},"loc":{"start":{"line":4,"column":43},"end":{"line":46,"column":1}},"line":4},"1":{"name":"(anonymous_1)","decl":{"start":{"line":11,"column":4},"end":{"line":11,"column":5}},"loc":{"start":{"line":11,"column":29},"end":{"line":14,"column":5}},"line":11},"2":{"name":"(anonymous_2)","decl":{"start":{"line":42,"column":20},"end":{"line":42,"column":21}},"loc":{"start":{"line":42,"column":30},"end":{"line":44,"column":3}},"line":42}},"branchMap":{},"s":{"0":3,"1":3,"2":3,"3":3,"4":3,"5":3,"6":8,"7":3},"f":{"0":3,"1":3,"2":8},"b":{},"_coverageSchema":"1a1c01bbd47fc00a2c39e90264f33305004495a9","hash":"ec3c721c000abb4c3a0e4667bbb8fe85a633001e"}
}
