TN:
SF:app.js
FN:20,(anonymous_0)
FN:29,(anonymous_1)
FN:57,(anonymous_2)
FNF:3
FNH:2
FNDA:1,(anonymous_0)
FNDA:1,(anonymous_1)
FNDA:0,(anonymous_2)
DA:1,4
DA:2,4
DA:5,4
DA:6,4
DA:7,4
DA:9,4
DA:11,4
DA:13,4
DA:14,4
DA:15,4
DA:17,4
DA:18,4
DA:20,4
DA:21,1
DA:25,4
DA:26,4
DA:29,4
DA:30,1
DA:37,4
DA:38,4
DA:39,4
DA:42,4
DA:45,4
DA:47,4
DA:48,4
DA:49,4
DA:50,4
DA:51,4
DA:54,4
DA:56,4
DA:57,0
DA:58,0
DA:62,4
LF:33
LH:31
BRDA:1,0,0,4
BRDA:1,0,1,0
BRDA:11,1,0,4
BRDA:11,1,1,4
BRDA:56,2,0,0
BRDA:56,2,1,4
BRF:6
BRH:4
end_of_record
TN:
SF:controllers\CvController.js
FN:7,(anonymous_0)
FN:47,(anonymous_1)
FN:63,(anonymous_2)
FN:80,(anonymous_3)
FN:105,(anonymous_4)
FNF:5
FNH:5
FNDA:7,(anonymous_0)
FNDA:3,(anonymous_1)
FNDA:3,(anonymous_2)
FNDA:2,(anonymous_3)
FNDA:1,(anonymous_4)
DA:1,4
DA:2,4
DA:3,4
DA:4,4
DA:6,4
DA:8,7
DA:9,7
DA:10,7
DA:11,1
DA:14,6
DA:16,6
DA:19,6
DA:21,4
DA:24,4
DA:26,2
DA:29,2
DA:32,1
DA:38,1
DA:40,1
DA:42,6
DA:43,6
DA:48,3
DA:49,3
DA:51,3
DA:56,3
DA:58,0
DA:59,0
DA:64,3
DA:65,3
DA:67,3
DA:69,3
DA:70,1
DA:73,2
DA:75,1
DA:76,1
DA:81,2
DA:82,2
DA:83,2
DA:85,2
DA:86,1
DA:89,1
DA:91,1
DA:92,0
DA:96,1
DA:98,1
DA:100,1
DA:101,1
DA:106,1
DA:107,1
DA:109,1
DA:111,1
DA:112,0
DA:115,1
DA:117,1
DA:119,0
DA:120,0
LF:56
LH:50
BRDA:10,0,0,1
BRDA:10,0,1,6
BRDA:69,1,0,1
BRDA:69,1,1,2
BRDA:85,2,0,1
BRDA:85,2,1,1
BRDA:91,3,0,0
BRDA:91,3,1,1
BRDA:111,4,0,0
BRDA:111,4,1,1
BRF:10
BRH:8
end_of_record
TN:
SF:controllers\UserController.js
FN:8,(anonymous_0)
FN:26,(anonymous_1)
FN:70,(anonymous_2)
FNF:3
FNH:3
FNDA:6,(anonymous_0)
FNDA:18,(anonymous_1)
FNDA:6,(anonymous_2)
DA:1,4
DA:2,4
DA:3,4
DA:4,4
DA:5,4
DA:7,4
DA:9,6
DA:10,6
DA:11,6
DA:16,1
DA:21,5
DA:22,5
DA:27,18
DA:28,18
DA:30,18
DA:31,1
DA:37,17
DA:38,1
DA:44,16
DA:46,16
DA:47,1
DA:53,15
DA:54,15
DA:55,1
DA:61,14
DA:63,14
DA:65,4
DA:66,4
DA:71,6
DA:72,6
DA:73,6
DA:78,4
DA:79,4
DA:81,4
DA:89,4
DA:90,4
DA:92,4
DA:94,2
DA:95,2
LF:39
LH:39
BRDA:30,0,0,1
BRDA:30,0,1,17
BRDA:37,1,0,1
BRDA:37,1,1,16
BRDA:46,2,0,1
BRDA:46,2,1,15
BRDA:54,3,0,1
BRDA:54,3,1,14
BRF:8
BRH:8
end_of_record
TN:
SF:helpers\bcrypt.js
FN:3,(anonymous_0)
FN:9,(anonymous_1)
FNF:2
FNH:2
FNDA:12,(anonymous_0)
FNDA:17,(anonymous_1)
DA:1,5
DA:3,5
DA:4,12
DA:5,12
DA:6,12
DA:9,5
DA:10,17
DA:11,17
DA:14,5
LF:9
LH:9
BRF:0
BRH:0
end_of_record
TN:
SF:helpers\cloudinaryService.js
FN:23,(anonymous_0)
FN:25,(anonymous_1)
FN:35,(anonymous_2)
FNF:3
FNH:3
FNDA:3,(anonymous_0)
FNDA:3,(anonymous_1)
FNDA:3,(anonymous_2)
DA:1,6
DA:2,6
DA:5,6
DA:12,6
DA:23,6
DA:24,3
DA:25,3
DA:26,3
DA:36,3
DA:37,2
DA:39,1
DA:45,3
DA:46,3
DA:49,0
DA:50,0
DA:57,6
LF:16
LH:14
BRDA:1,0,0,6
BRDA:1,0,1,0
BRDA:36,1,0,2
BRDA:36,1,1,1
BRF:4
BRH:3
end_of_record
TN:
SF:helpers\geminiService.js
FN:27,(anonymous_0)
FNF:1
FNH:1
FNDA:1,(anonymous_0)
DA:1,6
DA:2,6
DA:5,6
DA:12,6
DA:27,6
DA:28,1
DA:29,1
DA:31,1
DA:63,1
DA:64,0
DA:65,0
DA:68,0
DA:71,0
DA:72,0
DA:75,0
DA:76,0
DA:80,0
DA:82,0
DA:84,1
DA:88,6
LF:20
LH:11
BRDA:1,0,0,6
BRDA:1,0,1,0
BRDA:71,1,0,0
BRDA:71,1,1,0
BRDA:75,2,0,0
BRDA:75,2,1,0
BRF:6
BRH:1
end_of_record
TN:
SF:helpers\jwt.js
FN:5,(anonymous_0)
FN:9,(anonymous_1)
FNF:2
FNH:2
FNDA:19,(anonymous_0)
FNDA:32,(anonymous_1)
DA:1,5
DA:3,5
DA:5,5
DA:6,19
DA:9,5
DA:10,32
DA:13,5
LF:7
LH:7
BRF:0
BRH:0
end_of_record
TN:
SF:helpers\textExtractor.js
FN:9,(anonymous_0)
FNF:1
FNH:1
FNDA:5,(anonymous_0)
DA:1,6
DA:2,6
DA:9,6
DA:10,5
DA:11,5
DA:14,5
DA:15,1
DA:16,0
DA:20,4
DA:25,3
DA:26,0
DA:29,1
DA:33,5
DA:37,6
LF:14
LH:12
BRDA:14,0,0,1
BRDA:14,0,1,4
BRDA:20,1,0,3
BRDA:20,1,1,1
BRDA:21,2,0,4
BRDA:21,2,1,2
BRF:6
BRH:6
end_of_record
TN:
SF:middlewares\authenticate.js
FN:4,(anonymous_0)
FNF:1
FNH:1
FNDA:37,(anonymous_0)
DA:1,4
DA:2,4
DA:4,4
DA:5,37
DA:7,37
DA:9,37
DA:10,8
DA:16,29
DA:18,29
DA:20,23
DA:21,23
DA:22,0
DA:25,23
DA:27,23
DA:29,14
DA:30,14
DA:34,4
LF:17
LH:16
BRDA:9,0,0,8
BRDA:9,0,1,29
BRDA:9,1,0,37
BRDA:9,1,1,30
BRDA:21,2,0,0
BRDA:21,2,1,23
BRF:6
BRH:5
end_of_record
TN:
SF:middlewares\errorHandler.js
FN:1,errorHandler
FNF:1
FNH:1
FNDA:40,errorHandler
DA:2,40
DA:4,40
DA:6,4
DA:7,4
DA:9,1
DA:10,1
DA:12,2
DA:13,2
DA:15,4
DA:16,4
DA:18,6
DA:19,6
DA:21,3
DA:22,3
DA:24,4
DA:25,4
DA:27,8
DA:28,8
DA:30,8
DA:31,8
DA:34,4
LF:21
LH:21
BRDA:4,0,0,4
BRDA:4,0,1,1
BRDA:4,0,2,2
BRDA:4,0,3,4
BRDA:4,0,4,6
BRDA:4,0,5,3
BRDA:4,0,6,4
BRDA:4,0,7,8
BRDA:4,0,8,8
BRF:9
BRH:9
end_of_record
TN:
SF:middlewares\matchUser.js
FN:3,matchUser
FNF:1
FNH:1
FNDA:9,matchUser
DA:1,4
DA:4,9
DA:5,9
DA:7,9
DA:9,9
DA:10,2
DA:13,7
DA:14,3
DA:16,4
DA:19,6
DA:20,6
DA:24,4
LF:12
LH:12
BRDA:9,0,0,2
BRDA:9,0,1,7
BRDA:13,1,0,3
BRDA:13,1,1,4
BRF:4
BRH:4
end_of_record
TN:
SF:middlewares\uploadMiddleware.js
FN:13,(anonymous_0)
FNF:1
FNH:1
FNDA:7,(anonymous_0)
DA:1,4
DA:10,4
DA:13,4
DA:14,7
DA:20,7
DA:21,6
DA:23,1
DA:33,4
DA:41,4
LF:9
LH:9
BRDA:20,0,0,6
BRDA:20,0,1,1
BRF:2
BRH:2
end_of_record
TN:
SF:models\Cv.js
FN:4,(anonymous_0)
FN:6,(anonymous_1)
FNF:2
FNH:2
FNDA:4,(anonymous_0)
FNDA:4,(anonymous_1)
DA:2,4
DA:4,4
DA:8,4
DA:12,4
DA:40,4
LF:5
LH:5
BRF:0
BRH:0
end_of_record
TN:
SF:models\index.js
FN:21,(anonymous_0)
FN:29,(anonymous_1)
FN:34,(anonymous_2)
FNF:3
FNH:3
FNDA:12,(anonymous_0)
FNDA:8,(anonymous_1)
FNDA:8,(anonymous_2)
DA:3,4
DA:4,4
DA:5,4
DA:6,4
DA:7,4
DA:8,4
DA:9,4
DA:10,4
DA:13,4
DA:14,0
DA:16,4
DA:19,4
DA:22,12
DA:30,8
DA:31,8
DA:34,4
DA:35,8
DA:36,8
DA:40,4
DA:41,4
DA:43,4
LF:21
LH:20
BRDA:8,0,0,4
BRDA:8,0,1,0
BRDA:13,1,0,0
BRDA:13,1,1,4
BRDA:23,2,0,12
BRDA:23,2,1,12
BRDA:23,2,2,8
BRDA:23,2,3,8
BRDA:35,3,0,8
BRDA:35,3,1,0
BRF:10
BRH:7
end_of_record
TN:
SF:models\user.js
FN:4,(anonymous_0)
FN:11,(anonymous_1)
FN:42,(anonymous_2)
FNF:3
FNH:3
FNDA:4,(anonymous_0)
FNDA:4,(anonymous_1)
FNDA:9,(anonymous_2)
DA:2,4
DA:3,4
DA:4,4
DA:13,4
DA:16,4
DA:42,4
DA:43,9
DA:45,4
LF:8
LH:8
BRF:0
BRH:0
end_of_record
