TN:
SF:app.js
FN:20,(anonymous_0)
FN:29,(anonymous_1)
FN:57,(anonymous_2)
FNF:3
FNH:0
FNDA:0,(anonymous_0)
FNDA:0,(anonymous_1)
FNDA:0,(anonymous_2)
DA:1,3
DA:2,3
DA:5,3
DA:6,3
DA:7,3
DA:9,3
DA:11,3
DA:13,3
DA:14,3
DA:15,3
DA:17,3
DA:18,3
DA:20,3
DA:21,0
DA:25,3
DA:26,3
DA:29,3
DA:30,0
DA:37,3
DA:38,3
DA:39,3
DA:42,3
DA:45,3
DA:47,3
DA:48,3
DA:49,3
DA:50,3
DA:51,3
DA:54,3
DA:56,3
DA:57,0
DA:58,0
DA:62,3
LF:33
LH:29
BRDA:1,0,0,3
BRDA:1,0,1,0
BRDA:11,1,0,3
BRDA:11,1,1,3
BRDA:56,2,0,0
BRDA:56,2,1,3
BRF:6
BRH:4
end_of_record
TN:
SF:controllers\CvController.js
FN:7,(anonymous_0)
FN:47,(anonymous_1)
FN:63,(anonymous_2)
FN:80,(anonymous_3)
FN:105,(anonymous_4)
FNF:5
FNH:4
FNDA:0,(anonymous_0)
FNDA:3,(anonymous_1)
FNDA:3,(anonymous_2)
FNDA:1,(anonymous_3)
FNDA:1,(anonymous_4)
DA:1,3
DA:2,3
DA:3,3
DA:4,3
DA:6,3
DA:8,0
DA:9,0
DA:10,0
DA:11,0
DA:14,0
DA:16,0
DA:19,0
DA:21,0
DA:24,0
DA:26,0
DA:29,0
DA:32,0
DA:38,0
DA:40,0
DA:42,0
DA:43,0
DA:48,3
DA:49,3
DA:51,3
DA:56,3
DA:58,0
DA:59,0
DA:64,3
DA:65,3
DA:67,3
DA:69,3
DA:70,1
DA:73,2
DA:75,1
DA:76,1
DA:81,1
DA:82,1
DA:83,1
DA:85,1
DA:86,0
DA:89,1
DA:91,1
DA:92,0
DA:96,1
DA:98,1
DA:100,0
DA:101,0
DA:106,1
DA:107,1
DA:109,1
DA:111,1
DA:112,0
DA:115,1
DA:117,1
DA:119,0
DA:120,0
LF:56
LH:31
BRDA:10,0,0,0
BRDA:10,0,1,0
BRDA:69,1,0,1
BRDA:69,1,1,2
BRDA:85,2,0,0
BRDA:85,2,1,1
BRDA:91,3,0,0
BRDA:91,3,1,1
BRDA:111,4,0,0
BRDA:111,4,1,1
BRF:10
BRH:5
end_of_record
TN:
SF:controllers\UserController.js
FN:8,(anonymous_0)
FN:26,(anonymous_1)
FN:70,(anonymous_2)
FNF:3
FNH:3
FNDA:5,(anonymous_0)
FNDA:15,(anonymous_1)
FNDA:6,(anonymous_2)
DA:1,3
DA:2,3
DA:3,3
DA:4,3
DA:5,3
DA:7,3
DA:9,5
DA:10,5
DA:11,5
DA:16,1
DA:21,4
DA:22,4
DA:27,15
DA:28,15
DA:30,15
DA:31,1
DA:37,14
DA:38,1
DA:44,13
DA:46,13
DA:47,1
DA:53,12
DA:54,12
DA:55,1
DA:61,11
DA:63,11
DA:65,4
DA:66,4
DA:71,6
DA:72,6
DA:73,6
DA:78,4
DA:79,4
DA:81,4
DA:89,4
DA:90,4
DA:92,4
DA:94,2
DA:95,2
LF:39
LH:39
BRDA:30,0,0,1
BRDA:30,0,1,14
BRDA:37,1,0,1
BRDA:37,1,1,13
BRDA:46,2,0,1
BRDA:46,2,1,12
BRDA:54,3,0,1
BRDA:54,3,1,11
BRF:8
BRH:8
end_of_record
TN:
SF:helpers\bcrypt.js
FN:3,(anonymous_0)
FN:9,(anonymous_1)
FNF:2
FNH:2
FNDA:11,(anonymous_0)
FNDA:14,(anonymous_1)
DA:1,4
DA:3,4
DA:4,11
DA:5,11
DA:6,11
DA:9,4
DA:10,14
DA:11,14
DA:14,4
LF:9
LH:9
BRF:0
BRH:0
end_of_record
TN:
SF:helpers\cloudinaryService.js
FN:23,(anonymous_0)
FN:25,(anonymous_1)
FN:33,(anonymous_2)
FNF:3
FNH:0
FNDA:0,(anonymous_0)
FNDA:0,(anonymous_1)
FNDA:0,(anonymous_2)
DA:1,4
DA:2,4
DA:5,4
DA:12,4
DA:23,4
DA:24,0
DA:25,0
DA:26,0
DA:34,0
DA:35,0
DA:37,0
DA:43,0
DA:44,0
DA:47,0
DA:48,0
DA:55,4
LF:16
LH:6
BRDA:1,0,0,4
BRDA:1,0,1,0
BRDA:34,1,0,0
BRDA:34,1,1,0
BRF:4
BRH:1
end_of_record
TN:
SF:helpers\geminiService.js
FN:27,(anonymous_0)
FNF:1
FNH:0
FNDA:0,(anonymous_0)
DA:1,4
DA:2,4
DA:5,4
DA:12,4
DA:27,4
DA:28,0
DA:29,0
DA:31,0
DA:63,0
DA:64,0
DA:65,0
DA:68,0
DA:71,0
DA:72,0
DA:75,0
DA:76,0
DA:80,0
DA:82,0
DA:84,0
DA:88,4
LF:20
LH:6
BRDA:1,0,0,4
BRDA:1,0,1,0
BRDA:71,1,0,0
BRDA:71,1,1,0
BRDA:75,2,0,0
BRDA:75,2,1,0
BRF:6
BRH:1
end_of_record
TN:
SF:helpers\jwt.js
FN:5,(anonymous_0)
FN:9,(anonymous_1)
FNF:2
FNH:2
FNDA:16,(anonymous_0)
FNDA:21,(anonymous_1)
DA:1,4
DA:3,4
DA:5,4
DA:6,16
DA:9,4
DA:10,21
DA:13,4
LF:7
LH:7
BRF:0
BRH:0
end_of_record
TN:
SF:helpers\textExtractor.js
FN:9,(anonymous_0)
FNF:1
FNH:0
FNDA:0,(anonymous_0)
DA:1,4
DA:2,4
DA:9,4
DA:10,0
DA:11,0
DA:14,0
DA:15,0
DA:16,0
DA:20,0
DA:25,0
DA:26,0
DA:29,0
DA:33,0
DA:37,4
LF:14
LH:4
BRDA:14,0,0,0
BRDA:14,0,1,0
BRDA:20,1,0,0
BRDA:20,1,1,0
BRDA:21,2,0,0
BRDA:21,2,1,0
BRF:6
BRH:0
end_of_record
TN:
SF:middlewares\authenticate.js
FN:4,(anonymous_0)
FNF:1
FNH:1
FNDA:24,(anonymous_0)
DA:1,3
DA:2,3
DA:4,3
DA:5,24
DA:7,24
DA:9,24
DA:10,6
DA:16,18
DA:18,18
DA:20,14
DA:21,14
DA:22,0
DA:25,14
DA:27,14
DA:29,10
DA:30,10
DA:34,3
LF:17
LH:16
BRDA:9,0,0,6
BRDA:9,0,1,18
BRDA:9,1,0,24
BRDA:9,1,1,19
BRDA:21,2,0,0
BRDA:21,2,1,14
BRF:6
BRH:5
end_of_record
TN:
SF:middlewares\errorHandler.js
FN:1,errorHandler
FNF:1
FNH:1
FNDA:27,errorHandler
DA:2,27
DA:4,27
DA:6,3
DA:7,3
DA:9,1
DA:10,1
DA:12,0
DA:13,0
DA:15,4
DA:16,4
DA:18,4
DA:19,4
DA:21,3
DA:22,3
DA:24,4
DA:25,4
DA:27,6
DA:28,6
DA:30,2
DA:31,2
DA:34,3
LF:21
LH:19
BRDA:4,0,0,3
BRDA:4,0,1,1
BRDA:4,0,2,0
BRDA:4,0,3,4
BRDA:4,0,4,4
BRDA:4,0,5,3
BRDA:4,0,6,4
BRDA:4,0,7,6
BRDA:4,0,8,2
BRF:9
BRH:8
end_of_record
TN:
SF:middlewares\matchUser.js
FN:3,matchUser
FNF:1
FNH:1
FNDA:8,matchUser
DA:1,3
DA:4,8
DA:5,8
DA:7,8
DA:9,8
DA:10,2
DA:13,6
DA:14,2
DA:16,4
DA:19,6
DA:20,6
DA:24,3
LF:12
LH:12
BRDA:9,0,0,2
BRDA:9,0,1,6
BRDA:13,1,0,2
BRDA:13,1,1,4
BRF:4
BRH:4
end_of_record
TN:
SF:middlewares\uploadMiddleware.js
FN:13,(anonymous_0)
FNF:1
FNH:0
FNDA:0,(anonymous_0)
DA:1,3
DA:10,3
DA:13,3
DA:14,0
DA:20,0
DA:21,0
DA:23,0
DA:33,3
DA:41,3
LF:9
LH:5
BRDA:20,0,0,0
BRDA:20,0,1,0
BRF:2
BRH:0
end_of_record
TN:
SF:models\Cv.js
FN:4,(anonymous_0)
FN:6,(anonymous_1)
FNF:2
FNH:2
FNDA:3,(anonymous_0)
FNDA:3,(anonymous_1)
DA:2,3
DA:4,3
DA:8,3
DA:12,3
DA:40,3
LF:5
LH:5
BRF:0
BRH:0
end_of_record
TN:
SF:models\index.js
FN:21,(anonymous_0)
FN:29,(anonymous_1)
FN:34,(anonymous_2)
FNF:3
FNH:3
FNDA:9,(anonymous_0)
FNDA:6,(anonymous_1)
FNDA:6,(anonymous_2)
DA:3,3
DA:4,3
DA:5,3
DA:6,3
DA:7,3
DA:8,3
DA:9,3
DA:10,3
DA:13,3
DA:14,0
DA:16,3
DA:19,3
DA:22,9
DA:30,6
DA:31,6
DA:34,3
DA:35,6
DA:36,6
DA:40,3
DA:41,3
DA:43,3
LF:21
LH:20
BRDA:8,0,0,3
BRDA:8,0,1,0
BRDA:13,1,0,0
BRDA:13,1,1,3
BRDA:23,2,0,9
BRDA:23,2,1,9
BRDA:23,2,2,6
BRDA:23,2,3,6
BRDA:35,3,0,6
BRDA:35,3,1,0
BRF:10
BRH:7
end_of_record
TN:
SF:models\user.js
FN:4,(anonymous_0)
FN:11,(anonymous_1)
FN:42,(anonymous_2)
FNF:3
FNH:3
FNDA:3,(anonymous_0)
FNDA:3,(anonymous_1)
FNDA:8,(anonymous_2)
DA:2,3
DA:3,3
DA:4,3
DA:13,3
DA:16,3
DA:42,3
DA:43,8
DA:45,3
LF:8
LH:8
BRF:0
BRH:0
end_of_record
